2018-01-29 19:14:26 INFO org.springframework.web.context.ContextLoader.initWebApplicationContext(285) : Root WebApplicationContext: initialization started
2018-01-29 19:14:26 INFO org.springframework.context.support.AbstractApplicationContext.prepareRefresh(511) : Refreshing Root WebApplicationContext: startup date [Mon Jan 29 19:14:26 CST 2018]; root of context hierarchy
2018-01-29 19:14:26 INFO org.springframework.beans.factory.xml.XmlBeanDefinitionReader.loadBeanDefinitions(317) : Loading XML bean definitions from file [/ultrapower/tomcat-jenkins/webapps/iscloud-web-platform/WEB-INF/classes/appContext-base.xml]
2018-01-29 19:14:27 INFO org.springframework.beans.factory.xml.XmlBeanDefinitionReader.loadBeanDefinitions(317) : Loading XML bean definitions from file [/ultrapower/tomcat-jenkins/webapps/iscloud-web-platform/WEB-INF/classes/appContext-init.xml]
2018-01-29 19:14:27 INFO org.springframework.beans.factory.xml.XmlBeanDefinitionReader.loadBeanDefinitions(317) : Loading XML bean definitions from file [/ultrapower/tomcat-jenkins/webapps/iscloud-web-platform/WEB-INF/classes/appContext-service.xml]
2018-01-29 19:14:27 INFO org.springframework.beans.factory.xml.XmlBeanDefinitionReader.loadBeanDefinitions(317) : Loading XML bean definitions from file [/ultrapower/tomcat-jenkins/webapps/iscloud-web-platform/WEB-INF/classes/appContext-dao.xml]
2018-01-29 19:14:27 INFO org.springframework.beans.factory.xml.XmlBeanDefinitionReader.loadBeanDefinitions(317) : Loading XML bean definitions from file [/ultrapower/tomcat-jenkins/webapps/iscloud-web-platform/WEB-INF/classes/appContext-job.xml]
2018-01-29 19:14:27 WARN org.springframework.context.annotation.ConfigurationClassEnhancer$BeanMethodInterceptor.intercept(301) : @Bean method DubboDemoConsumerConfig.annotationBean is non-static and returns an object assignable to Spring's BeanFactoryPostProcessor interface. This will result in a failure to process annotations such as @Autowired, @Resource and @PostConstruct within the method's declaring @Configuration class. Add the 'static' modifier to this method to avoid these container lifecycle issues; see @Bean javadoc for complete details.
2018-01-29 19:14:27 INFO ?.?(?) : using logger: com.alibaba.dubbo.common.logger.log4j.Log4jLoggerAdapter
2018-01-29 19:14:27 INFO org.springframework.beans.factory.annotation.AutowiredAnnotationBeanPostProcessor.<init>(153) : JSR-330 'javax.inject.Inject' annotation found and supported for autowiring
2018-01-29 19:14:28 INFO com.mchange.v2.log.MLog.<clinit>(80) : MLog clients using log4j logging.
2018-01-29 19:14:28 INFO com.mchange.v2.c3p0.C3P0Registry.banner(204) : Initializing c3p0-0.9.1.2 [built 21-May-2007 15:04:56; debug? true; trace: 10]
2018-01-29 19:14:28 INFO com.ultrapower.zq.iscloud.config.LocalConf.loadConf(45) : 开始加载配置文件:/ultrapower/tomcat-jenkins/webapps/iscloud-web-platform/WEB-INF/classes/config.properties
2018-01-29 19:14:29 ERROR com.ultrapower.zq.iscloud.common.utils.HttpClientUtil.httpPost(74) : post请求提交失败:http://127.0.0.1:8888/services/conf/getApiAddress
org.apache.http.conn.HttpHostConnectException: Connection to http://127.0.0.1:8888 refused
	at org.apache.http.impl.conn.DefaultClientConnectionOperator.openConnection(DefaultClientConnectionOperator.java:190)
	at org.apache.http.impl.conn.ManagedClientConnectionImpl.open(ManagedClientConnectionImpl.java:294)
	at org.apache.http.impl.client.DefaultRequestDirector.tryConnect(DefaultRequestDirector.java:640)
	at org.apache.http.impl.client.DefaultRequestDirector.execute(DefaultRequestDirector.java:479)
	at org.apache.http.impl.client.AbstractHttpClient.execute(AbstractHttpClient.java:906)
	at org.apache.http.impl.client.AbstractHttpClient.execute(AbstractHttpClient.java:805)
	at org.apache.http.impl.client.AbstractHttpClient.execute(AbstractHttpClient.java:784)
	at com.ultrapower.zq.iscloud.common.utils.HttpClientUtil.httpPost(HttpClientUtil.java:56)
	at com.ultrapower.zq.iscloud.common.utils.HttpClientUtil.httpPost(HttpClientUtil.java:33)
	at com.ultrapower.zq.iscloud.sdk.proxy.util.MethodUtils.getMessage(MethodUtils.java:133)
	at com.ultrapower.zq.iscloud.sdk.proxy.util.MethodUtils.getObjectMessage(MethodUtils.java:148)
	at com.ultrapower.zq.iscloud.sdk.proxy.conf.Conf.getApiAddress(Conf.java:52)
	at com.ultrapower.zq.iscloud.sdk.proxy.util.MethodUtils.initServerInfo(MethodUtils.java:50)
	at com.ultrapower.zq.iscloud.sdk.proxy.ProxyFactory.init(ProxyFactory.java:48)
	at com.ultrapower.zq.iscloud.service.platform.init.impl.RegistServerServiceImpl.registServer(RegistServerServiceImpl.java:9)
	at com.ultrapower.zq.iscloud.web.platform.common.init.StartUp.setServletContext(StartUp.java:57)
	at org.springframework.web.context.support.ServletContextAwareProcessor.postProcessBeforeInitialization(ServletContextAwareProcessor.java:103)
	at org.springframework.beans.factory.support.AbstractAutowireCapableBeanFactory.applyBeanPostProcessorsBeforeInitialization(AbstractAutowireCapableBeanFactory.java:408)
	at org.springframework.beans.factory.support.AbstractAutowireCapableBeanFactory.initializeBean(AbstractAutowireCapableBeanFactory.java:1564)
	at org.springframework.beans.factory.support.AbstractAutowireCapableBeanFactory.doCreateBean(AbstractAutowireCapableBeanFactory.java:539)
	at org.springframework.beans.factory.support.AbstractAutowireCapableBeanFactory.createBean(AbstractAutowireCapableBeanFactory.java:476)
	at org.springframework.beans.factory.support.AbstractBeanFactory$1.getObject(AbstractBeanFactory.java:303)
	at org.springframework.beans.factory.support.DefaultSingletonBeanRegistry.getSingleton(DefaultSingletonBeanRegistry.java:230)
	at org.springframework.beans.factory.support.AbstractBeanFactory.doGetBean(AbstractBeanFactory.java:299)
	at org.springframework.beans.factory.support.AbstractBeanFactory.getBean(AbstractBeanFactory.java:194)
	at org.springframework.beans.factory.support.DefaultListableBeanFactory.preInstantiateSingletons(DefaultListableBeanFactory.java:755)
	at org.springframework.context.support.AbstractApplicationContext.finishBeanFactoryInitialization(AbstractApplicationContext.java:759)
	at org.springframework.context.support.AbstractApplicationContext.refresh(AbstractApplicationContext.java:480)
	at org.springframework.web.context.ContextLoader.configureAndRefreshWebApplicationContext(ContextLoader.java:434)
	at org.springframework.web.context.ContextLoader.initWebApplicationContext(ContextLoader.java:306)
	at org.springframework.web.context.ContextLoaderListener.contextInitialized(ContextLoaderListener.java:106)
	at org.apache.catalina.core.StandardContext.listenerStart(StandardContext.java:4853)
	at org.apache.catalina.core.StandardContext.startInternal(StandardContext.java:5314)
	at org.apache.catalina.util.LifecycleBase.start(LifecycleBase.java:145)
	at org.apache.catalina.core.ContainerBase.addChildInternal(ContainerBase.java:753)
	at org.apache.catalina.core.ContainerBase.addChild(ContainerBase.java:729)
	at org.apache.catalina.core.StandardHost.addChild(StandardHost.java:717)
	at org.apache.catalina.startup.HostConfig.deployDirectory(HostConfig.java:1092)
	at org.apache.catalina.startup.HostConfig$DeployDirectory.run(HostConfig.java:1834)
	at java.util.concurrent.Executors$RunnableAdapter.call(Executors.java:511)
	at java.util.concurrent.FutureTask.run(FutureTask.java:266)
	at java.util.concurrent.ThreadPoolExecutor.runWorker(ThreadPoolExecutor.java:1142)
	at java.util.concurrent.ThreadPoolExecutor$Worker.run(ThreadPoolExecutor.java:617)
	at java.lang.Thread.run(Thread.java:748)
Caused by: java.net.ConnectException: 拒绝连接 (Connection refused)
	at java.net.PlainSocketImpl.socketConnect(Native Method)
	at java.net.AbstractPlainSocketImpl.doConnect(AbstractPlainSocketImpl.java:350)
	at java.net.AbstractPlainSocketImpl.connectToAddress(AbstractPlainSocketImpl.java:206)
	at java.net.AbstractPlainSocketImpl.connect(AbstractPlainSocketImpl.java:188)
	at java.net.SocksSocketImpl.connect(SocksSocketImpl.java:392)
	at java.net.Socket.connect(Socket.java:589)
	at org.apache.http.conn.scheme.PlainSocketFactory.connectSocket(PlainSocketFactory.java:127)
	at org.apache.http.impl.conn.DefaultClientConnectionOperator.openConnection(DefaultClientConnectionOperator.java:180)
	... 43 more
2018-01-29 19:14:29 ERROR com.ultrapower.zq.iscloud.sdk.proxy.util.MethodUtils.getObjectMessage(151) : 获取数据出错：java.lang.NullPointerException,Conf,getApiAddress
2018-01-29 19:14:29 INFO org.springframework.web.context.ContextLoader.initWebApplicationContext(325) : Root WebApplicationContext: initialization completed in 3265 ms
2018-01-29 19:14:31 INFO org.springframework.web.servlet.FrameworkServlet.initServletBean(485) : FrameworkServlet 'DispatcherServlet': initialization started
2018-01-29 19:14:31 INFO org.springframework.context.support.AbstractApplicationContext.prepareRefresh(511) : Refreshing WebApplicationContext for namespace 'DispatcherServlet-servlet': startup date [Mon Jan 29 19:14:31 CST 2018]; parent: Root WebApplicationContext
2018-01-29 19:14:31 INFO org.springframework.beans.factory.xml.XmlBeanDefinitionReader.loadBeanDefinitions(317) : Loading XML bean definitions from class path resource [dispatcherServlet.xml]
2018-01-29 19:14:32 INFO org.springframework.web.servlet.handler.AbstractUrlHandlerMapping.registerHandler(314) : Mapped URL path [/platform/enteruser] onto handler 'userController'
2018-01-29 19:14:32 INFO org.springframework.web.servlet.handler.AbstractUrlHandlerMapping.registerHandler(314) : Mapped URL path [/platform/index] onto handler 'indexController'
2018-01-29 19:14:32 INFO org.springframework.web.servlet.handler.AbstractUrlHandlerMapping.registerHandler(314) : Mapped URL path [/platform/role] onto handler 'roleController'
2018-01-29 19:14:32 INFO org.springframework.web.servlet.handler.AbstractUrlHandlerMapping.registerHandler(314) : Mapped URL path [/platform/order] onto handler 'orderController'
2018-01-29 19:14:32 INFO org.springframework.web.servlet.handler.AbstractUrlHandlerMapping.registerHandler(314) : Mapped URL path [/platform/bill] onto handler 'billController'
2018-01-29 19:14:32 INFO org.springframework.web.servlet.handler.AbstractUrlHandlerMapping.registerHandler(314) : Mapped URL path [/platform/importExport] onto handler 'importExportController'
2018-01-29 19:14:32 INFO org.springframework.web.servlet.handler.AbstractUrlHandlerMapping.registerHandler(314) : Mapped URL path [/platform/dept] onto handler 'deptController'
2018-01-29 19:14:32 INFO org.springframework.web.servlet.handler.AbstractUrlHandlerMapping.registerHandler(314) : Mapped URL path [/platform/user] onto handler 'loginController'
2018-01-29 19:14:32 INFO org.springframework.web.servlet.handler.AbstractUrlHandlerMapping.registerHandler(314) : Mapped URL path [/platform/menu] onto handler 'menuController'
2018-01-29 19:14:32 INFO org.springframework.web.servlet.FrameworkServlet.initServletBean(504) : FrameworkServlet 'DispatcherServlet': initialization completed in 325 ms
